# JRE version: Java(TM) SE Runtime Environment (8.0_144-b01) (build 1.8.0_144-b01)
# Java VM: Java HotSpot(TM) 64-Bit Server VM (25.144-b01 mixed mode windows-amd64 compressed oops)
Heap:
 PSYoungGen      total 376832K, used 166534K [0x00000000d6200000, 0x00000000f6280000, 0x0000000100000000)
  eden space 339968K, 45% used [0x00000000d6200000,0x00000000dfa343e8,0x00000000eae00000)
  from space 36864K, 28% used [0x00000000eae00000,0x00000000eb86d648,0x00000000ed200000)
  to   space 34816K, 0% used [0x00000000f4080000,0x00000000f4080000,0x00000000f6280000)
 ParOldGen       total 173568K, used 77241K [0x0000000082600000, 0x000000008cf80000, 0x00000000d6200000)
  object space 173568K, 44% used [0x0000000082600000,0x000000008716e790,0x000000008cf80000)
 Metaspace       used 45774K, capacity 46511K, committed 46592K, reserved 1089536K
  class space    used 5405K, capacity 5575K, committed 5632K, reserved 1048576K
GC Heap History (10 events):
Event: 61.322 GC heap before
{Heap before GC invocations=14 (full 2):
 PSYoungGen      total 208896K, used 208894K [0x00000000d6200000, 0x00000000e8b80000, 0x0000000100000000)
  eden space 192512K, 100% used [0x00000000d6200000,0x00000000e1e00000,0x00000000e1e00000)
  from space 16384K, 99% used [0x00000000e1e00000,0x00000000e2dffaa0,0x00000000e2e00000)
  to   space 19456K, 0% used [0x00000000e7880000,0x00000000e7880000,0x00000000e8b80000)
 ParOldGen       total 90112K, used 23743K [0x0000000082600000, 0x0000000087e00000, 0x00000000d6200000)
  object space 90112K, 26% used [0x0000000082600000,0x0000000083d2fdb8,0x0000000087e00000)
 Metaspace       used 45494K, capacity 46213K, committed 46336K, reserved 1089536K
  class space    used 5396K, capacity 5568K, committed 5632K, reserved 1048576K
Event: 61.356 GC heap after
Heap after GC invocations=14 (full 2):
 PSYoungGen      total 266752K, used 19445K [0x00000000d6200000, 0x00000000eb300000, 0x0000000100000000)
  eden space 247296K, 0% used [0x00000000d6200000,0x00000000d6200000,0x00000000e5380000)
  from space 19456K, 99% used [0x00000000e7880000,0x00000000e8b7d600,0x00000000e8b80000)
  to   space 37888K, 0% used [0x00000000e5380000,0x00000000e5380000,0x00000000e7880000)
 ParOldGen       total 90112K, used 66935K [0x0000000082600000, 0x0000000087e00000, 0x00000000d6200000)
  object space 90112K, 74% used [0x0000000082600000,0x000000008675df38,0x0000000087e00000)
 Metaspace       used 45494K, capacity 46213K, committed 46336K, reserved 1089536K
  class space    used 5396K, capacity 5568K, committed 5632K, reserved 1048576K
}
Event: 62.313 GC heap before
{Heap before GC invocations=15 (full 2):
 PSYoungGen      total 266752K, used 266741K [0x00000000d6200000, 0x00000000eb300000, 0x0000000100000000)
  eden space 247296K, 100% used [0x00000000d6200000,0x00000000e5380000,0x00000000e5380000)
  from space 19456K, 99% used [0x00000000e7880000,0x00000000e8b7d600,0x00000000e8b80000)
  to   space 37888K, 0% used [0x00000000e5380000,0x00000000e5380000,0x00000000e7880000)
 ParOldGen       total 90112K, used 66935K [0x0000000082600000, 0x0000000087e00000, 0x00000000d6200000)
  object space 90112K, 74% used [0x0000000082600000,0x000000008675df38,0x0000000087e00000)
 Metaspace       used 45571K, capacity 46277K, committed 46592K, reserved 1089536K
  class space    used 5396K, capacity 5568K, committed 5632K, reserved 1048576K
Event: 62.324 GC heap after
Heap after GC invocations=15 (full 2):
 PSYoungGen      total 285184K, used 7046K [0x00000000d6200000, 0x00000000ef600000, 0x0000000100000000)
  eden space 247296K, 0% used [0x00000000d6200000,0x00000000d6200000,0x00000000e5380000)
  from space 37888K, 18% used [0x00000000e5380000,0x00000000e5a61898,0x00000000e7880000)
  to   space 36864K, 0% used [0x00000000ed200000,0x00000000ed200000,0x00000000ef600000)
 ParOldGen       total 90112K, used 86290K [0x0000000082600000, 0x0000000087e00000, 0x00000000d6200000)
  object space 90112K, 95% used [0x0000000082600000,0x0000000087a449c8,0x0000000087e00000)
 Metaspace       used 45571K, capacity 46277K, committed 46592K, reserved 1089536K
  class space    used 5396K, capacity 5568K, committed 5632K, reserved 1048576K
}
Event: 62.324 GC heap before
{Heap before GC invocations=16 (full 3):
 PSYoungGen      total 285184K, used 7046K [0x00000000d6200000, 0x00000000ef600000, 0x0000000100000000)
  eden space 247296K, 0% used [0x00000000d6200000,0x00000000d6200000,0x00000000e5380000)
  from space 37888K, 18% used [0x00000000e5380000,0x00000000e5a61898,0x00000000e7880000)
  to   space 36864K, 0% used [0x00000000ed200000,0x00000000ed200000,0x00000000ef600000)
 ParOldGen       total 90112K, used 86290K [0x0000000082600000, 0x0000000087e00000, 0x00000000d6200000)
  object space 90112K, 95% used [0x0000000082600000,0x0000000087a449c8,0x0000000087e00000)
 Metaspace       used 45571K, capacity 46277K, committed 46592K, reserved 1089536K
  class space    used 5396K, capacity 5568K, committed 5632K, reserved 1048576K
Event: 62.563 GC heap after
Heap after GC invocations=16 (full 3):
 PSYoungGen      total 285184K, used 0K [0x00000000d6200000, 0x00000000ef600000, 0x0000000100000000)
  eden space 247296K, 0% used [0x00000000d6200000,0x00000000d6200000,0x00000000e5380000)
  from space 37888K, 0% used [0x00000000e5380000,0x00000000e5380000,0x00000000e7880000)
  to   space 36864K, 0% used [0x00000000ed200000,0x00000000ed200000,0x00000000ef600000)
 ParOldGen       total 173568K, used 75674K [0x0000000082600000, 0x000000008cf80000, 0x00000000d6200000)
  object space 173568K, 43% used [0x0000000082600000,0x0000000086fe6950,0x000000008cf80000)
 Metaspace       used 45571K, capacity 46277K, committed 46592K, reserved 1089536K
  class space    used 5396K, capacity 5568K, committed 5632K, reserved 1048576K
}
Event: 76.259 GC heap before
{Heap before GC invocations=17 (full 3):
 PSYoungGen      total 285184K, used 247296K [0x00000000d6200000, 0x00000000ef600000, 0x0000000100000000)
  eden space 247296K, 100% used [0x00000000d6200000,0x00000000e5380000,0x00000000e5380000)
  from space 37888K, 0% used [0x00000000e5380000,0x00000000e5380000,0x00000000e7880000)
  to   space 36864K, 0% used [0x00000000ed200000,0x00000000ed200000,0x00000000ef600000)
 ParOldGen       total 173568K, used 75674K [0x0000000082600000, 0x000000008cf80000, 0x00000000d6200000)
  object space 173568K, 43% used [0x0000000082600000,0x0000000086fe6950,0x000000008cf80000)
 Metaspace       used 45676K, capacity 46429K, committed 46592K, reserved 1089536K
  class space    used 5403K, capacity 5572K, committed 5632K, reserved 1048576K
Event: 76.275 GC heap after
Heap after GC invocations=17 (full 3):
 PSYoungGen      total 376832K, used 1735K [0x00000000d6200000, 0x00000000ef680000, 0x0000000100000000)
  eden space 339968K, 0% used [0x00000000d6200000,0x00000000d6200000,0x00000000eae00000)
  from space 36864K, 4% used [0x00000000ed200000,0x00000000ed3b1c68,0x00000000ef600000)
  to   space 36864K, 0% used [0x00000000eae00000,0x00000000eae00000,0x00000000ed200000)
 ParOldGen       total 173568K, used 75682K [0x0000000082600000, 0x000000008cf80000, 0x00000000d6200000)
  object space 173568K, 43% used [0x0000000082600000,0x0000000086fe8950,0x000000008cf80000)
 Metaspace       used 45676K, capacity 46429K, committed 46592K, reserved 1089536K
  class space    used 5403K, capacity 5572K, committed 5632K, reserved 1048576K
}
Event: 81.739 GC heap before
{Heap before GC invocations=18 (full 3):
 PSYoungGen      total 376832K, used 341703K [0x00000000d6200000, 0x00000000ef680000, 0x0000000100000000)
  eden space 339968K, 100% used [0x00000000d6200000,0x00000000eae00000,0x00000000eae00000)
  from space 36864K, 4% used [0x00000000ed200000,0x00000000ed3b1c68,0x00000000ef600000)
  to   space 36864K, 0% used [0x00000000eae00000,0x00000000eae00000,0x00000000ed200000)
 ParOldGen       total 173568K, used 75682K [0x0000000082600000, 0x000000008cf80000, 0x00000000d6200000)
  object space 173568K, 43% used [0x0000000082600000,0x0000000086fe8950,0x000000008cf80000)
 Metaspace       used 45743K, capacity 46447K, committed 46592K, reserved 1089536K
  class space    used 5405K, capacity 5575K, committed 5632K, reserved 1048576K
Event: 81.750 GC heap after
Heap after GC invocations=18 (full 3):
 PSYoungGen      total 376832K, used 10677K [0x00000000d6200000, 0x00000000f6280000, 0x0000000100000000)
  eden space 339968K, 0% used [0x00000000d6200000,0x00000000d6200000,0x00000000eae00000)
  from space 36864K, 28% used [0x00000000eae00000,0x00000000eb86d648,0x00000000ed200000)
  to   space 34816K, 0% used [0x00000000f4080000,0x00000000f4080000,0x00000000f6280000)
 ParOldGen       total 173568K, used 77241K [0x0000000082600000, 0x000000008cf80000, 0x00000000d6200000)
  object space 173568K, 44% used [0x0000000082600000,0x000000008716e790,0x000000008cf80000)
 Metaspace       used 45743K, capacity 46447K, committed 46592K, reserved 1089536K
  class space    used 5405K, capacity 5575K, committed 5632K, reserved 1048576K
}

