# JRE version: Java(TM) SE Runtime Environment (8.0_144-b01) (build 1.8.0_144-b01)
# Java VM: Java HotSpot(TM) 64-Bit Server VM (25.144-b01 mixed mode windows-amd64 compressed oops)
Heap:
 PSYoungGen      total 525312K, used 453339K [0x00000000d6200000, 0x00000000f8080000, 0x0000000100000000)
  eden space 495104K, 89% used [0x00000000d6200000,0x00000000f12fe458,0x00000000f4580000)
  from space 30208K, 35% used [0x00000000f4580000,0x00000000f4fdd778,0x00000000f6300000)
  to   space 16384K, 0% used [0x00000000f7080000,0x00000000f7080000,0x00000000f8080000)
 ParOldGen       total 174080K, used 77382K [0x0000000082600000, 0x000000008d000000, 0x00000000d6200000)
  object space 174080K, 44% used [0x0000000082600000,0x0000000087191bb8,0x000000008d000000)
 Metaspace       used 46053K, capacity 46871K, committed 47104K, reserved 1091584K
  class space    used 5422K, capacity 5591K, committed 5632K, reserved 1048576K
GC Heap History (10 events):
Event: 64.247 GC heap before
{Heap before GC invocations=18 (full 3):
 PSYoungGen      total 365568K, used 339219K [0x00000000d6200000, 0x00000000ef380000, 0x0000000100000000)
  eden space 337408K, 100% used [0x00000000d6200000,0x00000000eab80000,0x00000000eab80000)
  from space 28160K, 6% used [0x00000000ed800000,0x00000000ed9c4e20,0x00000000ef380000)
  to   space 36864K, 0% used [0x00000000eab80000,0x00000000eab80000,0x00000000ecf80000)
 ParOldGen       total 174080K, used 75639K [0x0000000082600000, 0x000000008d000000, 0x00000000d6200000)
  object space 174080K, 43% used [0x0000000082600000,0x0000000086fddcf8,0x000000008d000000)
 Metaspace       used 45764K, capacity 46455K, committed 46592K, reserved 1089536K
  class space    used 5413K, capacity 5575K, committed 5632K, reserved 1048576K
Event: 64.272 GC heap after
Heap after GC invocations=18 (full 3):
 PSYoungGen      total 374272K, used 10492K [0x00000000d6200000, 0x00000000f5700000, 0x0000000100000000)
  eden space 337408K, 0% used [0x00000000d6200000,0x00000000d6200000,0x00000000eab80000)
  from space 36864K, 28% used [0x00000000eab80000,0x00000000eb5bf110,0x00000000ecf80000)
  to   space 34816K, 0% used [0x00000000f3500000,0x00000000f3500000,0x00000000f5700000)
 ParOldGen       total 174080K, used 77262K [0x0000000082600000, 0x000000008d000000, 0x00000000d6200000)
  object space 174080K, 44% used [0x0000000082600000,0x0000000087173b78,0x000000008d000000)
 Metaspace       used 45764K, capacity 46455K, committed 46592K, reserved 1089536K
  class space    used 5413K, capacity 5575K, committed 5632K, reserved 1048576K
}
Event: 70.060 GC heap before
{Heap before GC invocations=19 (full 3):
 PSYoungGen      total 374272K, used 347900K [0x00000000d6200000, 0x00000000f5700000, 0x0000000100000000)
  eden space 337408K, 100% used [0x00000000d6200000,0x00000000eab80000,0x00000000eab80000)
  from space 36864K, 28% used [0x00000000eab80000,0x00000000eb5bf110,0x00000000ecf80000)
  to   space 34816K, 0% used [0x00000000f3500000,0x00000000f3500000,0x00000000f5700000)
 ParOldGen       total 174080K, used 77262K [0x0000000082600000, 0x000000008d000000, 0x00000000d6200000)
  object space 174080K, 44% used [0x0000000082600000,0x0000000087173b78,0x000000008d000000)
 Metaspace       used 45842K, capacity 46555K, committed 46848K, reserved 1091584K
  class space    used 5416K, capacity 5581K, committed 5632K, reserved 1048576K
Event: 70.096 GC heap after
Heap after GC invocations=19 (full 3):
 PSYoungGen      total 456704K, used 4754K [0x00000000d6200000, 0x00000000f4b80000, 0x0000000100000000)
  eden space 433664K, 0% used [0x00000000d6200000,0x00000000d6200000,0x00000000f0980000)
  from space 23040K, 20% used [0x00000000f3500000,0x00000000f39a4ab0,0x00000000f4b80000)
  to   space 33792K, 0% used [0x00000000f0980000,0x00000000f0980000,0x00000000f2a80000)
 ParOldGen       total 174080K, used 77374K [0x0000000082600000, 0x000000008d000000, 0x00000000d6200000)
  object space 174080K, 44% used [0x0000000082600000,0x000000008718fbb8,0x000000008d000000)
 Metaspace       used 45842K, capacity 46555K, committed 46848K, reserved 1091584K
  class space    used 5416K, capacity 5581K, committed 5632K, reserved 1048576K
}
Event: 71.083 GC heap before
{Heap before GC invocations=20 (full 3):
 PSYoungGen      total 456704K, used 438418K [0x00000000d6200000, 0x00000000f4b80000, 0x0000000100000000)
  eden space 433664K, 100% used [0x00000000d6200000,0x00000000f0980000,0x00000000f0980000)
  from space 23040K, 20% used [0x00000000f3500000,0x00000000f39a4ab0,0x00000000f4b80000)
  to   space 33792K, 0% used [0x00000000f0980000,0x00000000f0980000,0x00000000f2a80000)
 ParOldGen       total 174080K, used 77374K [0x0000000082600000, 0x000000008d000000, 0x00000000d6200000)
  object space 174080K, 44% used [0x0000000082600000,0x000000008718fbb8,0x000000008d000000)
 Metaspace       used 45856K, capacity 46567K, committed 46848K, reserved 1091584K
  class space    used 5417K, capacity 5583K, committed 5632K, reserved 1048576K
Event: 71.087 GC heap after
Heap after GC invocations=20 (full 3):
 PSYoungGen      total 467456K, used 10704K [0x00000000d6200000, 0x00000000f9000000, 0x0000000100000000)
  eden space 433664K, 0% used [0x00000000d6200000,0x00000000d6200000,0x00000000f0980000)
  from space 33792K, 31% used [0x00000000f0980000,0x00000000f13f4218,0x00000000f2a80000)
  to   space 32256K, 0% used [0x00000000f7080000,0x00000000f7080000,0x00000000f9000000)
 ParOldGen       total 174080K, used 77374K [0x0000000082600000, 0x000000008d000000, 0x00000000d6200000)
  object space 174080K, 44% used [0x0000000082600000,0x000000008718fbb8,0x000000008d000000)
 Metaspace       used 45856K, capacity 46567K, committed 46848K, reserved 1091584K
  class space    used 5417K, capacity 5583K, committed 5632K, reserved 1048576K
}
Event: 85.595 GC heap before
{Heap before GC invocations=21 (full 3):
 PSYoungGen      total 467456K, used 444368K [0x00000000d6200000, 0x00000000f9000000, 0x0000000100000000)
  eden space 433664K, 100% used [0x00000000d6200000,0x00000000f0980000,0x00000000f0980000)
  from space 33792K, 31% used [0x00000000f0980000,0x00000000f13f4218,0x00000000f2a80000)
  to   space 32256K, 0% used [0x00000000f7080000,0x00000000f7080000,0x00000000f9000000)
 ParOldGen       total 174080K, used 77374K [0x0000000082600000, 0x000000008d000000, 0x00000000d6200000)
  object space 174080K, 44% used [0x0000000082600000,0x000000008718fbb8,0x000000008d000000)
 Metaspace       used 45932K, capacity 46643K, committed 46848K, reserved 1091584K
  class space    used 5418K, capacity 5585K, committed 5632K, reserved 1048576K
Event: 85.599 GC heap after
Heap after GC invocations=21 (full 3):
 PSYoungGen      total 511488K, used 10628K [0x00000000d6200000, 0x00000000f8080000, 0x0000000100000000)
  eden space 495104K, 0% used [0x00000000d6200000,0x00000000d6200000,0x00000000f4580000)
  from space 16384K, 64% used [0x00000000f7080000,0x00000000f7ae1308,0x00000000f8080000)
  to   space 30208K, 0% used [0x00000000f4580000,0x00000000f4580000,0x00000000f6300000)
 ParOldGen       total 174080K, used 77374K [0x0000000082600000, 0x000000008d000000, 0x00000000d6200000)
  object space 174080K, 44% used [0x0000000082600000,0x000000008718fbb8,0x000000008d000000)
 Metaspace       used 45932K, capacity 46643K, committed 46848K, reserved 1091584K
  class space    used 5418K, capacity 5585K, committed 5632K, reserved 1048576K
}
Event: 93.695 GC heap before
{Heap before GC invocations=22 (full 3):
 PSYoungGen      total 511488K, used 505732K [0x00000000d6200000, 0x00000000f8080000, 0x0000000100000000)
  eden space 495104K, 100% used [0x00000000d6200000,0x00000000f4580000,0x00000000f4580000)
  from space 16384K, 64% used [0x00000000f7080000,0x00000000f7ae1308,0x00000000f8080000)
  to   space 30208K, 0% used [0x00000000f4580000,0x00000000f4580000,0x00000000f6300000)
 ParOldGen       total 174080K, used 77374K [0x0000000082600000, 0x000000008d000000, 0x00000000d6200000)
  object space 174080K, 44% used [0x0000000082600000,0x000000008718fbb8,0x000000008d000000)
 Metaspace       used 45974K, capacity 46731K, committed 46848K, reserved 1091584K
  class space    used 5420K, capacity 5589K, committed 5632K, reserved 1048576K
Event: 93.762 GC heap after
Heap after GC invocations=22 (full 3):
 PSYoungGen      total 525312K, used 10613K [0x00000000d6200000, 0x00000000f8080000, 0x0000000100000000)
  eden space 495104K, 0% used [0x00000000d6200000,0x00000000d6200000,0x00000000f4580000)
  from space 30208K, 35% used [0x00000000f4580000,0x00000000f4fdd778,0x00000000f6300000)
  to   space 16384K, 0% used [0x00000000f7080000,0x00000000f7080000,0x00000000f8080000)
 ParOldGen       total 174080K, used 77382K [0x0000000082600000, 0x000000008d000000, 0x00000000d6200000)
  object space 174080K, 44% used [0x0000000082600000,0x0000000087191bb8,0x000000008d000000)
 Metaspace       used 45974K, capacity 46731K, committed 46848K, reserved 1091584K
  class space    used 5420K, capacity 5589K, committed 5632K, reserved 1048576K
}

